[debug] ----------------------------------------------------------------------
[debug] Command:      /usr/local/Cellar/node/6.2.1/bin/node /usr/local/bin/firebase deploy
[debug] CLI Version:  3.2.3
[debug] Platform:     darwin
[debug] Node Version: v6.2.1
[debug] Time:         Sun May 21 2017 08:52:17 GMT-0400 (EDT)
[debug] ----------------------------------------------------------------------
[debug] 
[debug] > command requires scopes: ["email","openid","https://www.googleapis.com/auth/cloudplatformprojects.readonly","https://www.googleapis.com/auth/firebase"]
[debug] > refreshing access token with scopes: ["email","https://www.googleapis.com/auth/cloudplatformprojects.readonly","https://www.googleapis.com/auth/firebase","openid"]
[debug] >>> HTTP REQUEST POST https://www.googleapis.com/oauth2/v3/token { refresh_token: '1/3AEfyIQfgFQBH0MY7esvmGF6rYP-Wnp8fqsPnhHZumIXJBfE37LZF7qxgYxMOt1_',
  client_id: '563584335869-fgrhgmd47bqnekij5i8b5pr03ho849e6.apps.googleusercontent.com',
  client_secret: 'j9iVZfS8kkCEFUPaAeJV0sAi',
  grant_type: 'refresh_token',
  scope: 'email https://www.googleapis.com/auth/cloudplatformprojects.readonly https://www.googleapis.com/auth/firebase openid' } 
 Sun May 21 2017 08:52:17 GMT-0400 (EDT)
[debug] <<< HTTP RESPONSE 200
[debug] >>> HTTP REQUEST GET https://admin.firebase.com/v1/projects/andrew-the-creator  
 Sun May 21 2017 08:52:17 GMT-0400 (EDT)
[debug] <<< HTTP RESPONSE 200
[debug] >>> HTTP REQUEST GET https://admin.firebase.com/v1/database/andrew-the-creator/tokens  
 Sun May 21 2017 08:52:18 GMT-0400 (EDT)
